<?xml version="1.0" encoding="UTF-8"?>
<testsuite xmlns:xsi="http://www.w3.org/2001/XMLSchema-instance" xsi:noNamespaceSchemaLocation="https://maven.apache.org/surefire/maven-surefire-plugin/xsd/surefire-test-report-3.0.xsd" version="3.0" name="com.healthcaredelivery.healthcareblog.HealthcareBlogApplicationTests" time="17.187" tests="1" errors="0" skipped="0" failures="0">
  <properties>
    <property name="java.specification.version" value="17"/>
    <property name="sun.cpu.isalist" value="amd64"/>
    <property name="sun.jnu.encoding" value="Cp1252"/>
    <property name="java.class.path" value="C:\Users\Systej\Documents\project\spring-boot\women-health\target\test-classes;C:\Users\Systej\Documents\project\spring-boot\women-health\target\classes;C:\Users\Systej\.m2\repository\org\springframework\boot\spring-boot-starter-mail\3.0.4\spring-boot-starter-mail-3.0.4.jar;C:\Users\Systej\.m2\repository\org\springframework\boot\spring-boot-starter\3.1.1\spring-boot-starter-3.1.1.jar;C:\Users\Systej\.m2\repository\org\springframework\boot\spring-boot\3.1.1\spring-boot-3.1.1.jar;C:\Users\Systej\.m2\repository\org\springframework\boot\spring-boot-autoconfigure\3.1.1\spring-boot-autoconfigure-3.1.1.jar;C:\Users\Systej\.m2\repository\org\springframework\boot\spring-boot-starter-logging\3.1.1\spring-boot-starter-logging-3.1.1.jar;C:\Users\Systej\.m2\repository\ch\qos\logback\logback-classic\1.4.8\logback-classic-1.4.8.jar;C:\Users\Systej\.m2\repository\ch\qos\logback\logback-core\1.4.8\logback-core-1.4.8.jar;C:\Users\Systej\.m2\repository\org\apache\logging\log4j\log4j-to-slf4j\2.20.0\log4j-to-slf4j-2.20.0.jar;C:\Users\Systej\.m2\repository\org\apache\logging\log4j\log4j-api\2.20.0\log4j-api-2.20.0.jar;C:\Users\Systej\.m2\repository\org\slf4j\jul-to-slf4j\2.0.7\jul-to-slf4j-2.0.7.jar;C:\Users\Systej\.m2\repository\jakarta\annotation\jakarta.annotation-api\2.1.1\jakarta.annotation-api-2.1.1.jar;C:\Users\Systej\.m2\repository\org\yaml\snakeyaml\1.33\snakeyaml-1.33.jar;C:\Users\Systej\.m2\repository\org\springframework\spring-context-support\6.0.10\spring-context-support-6.0.10.jar;C:\Users\Systej\.m2\repository\org\eclipse\angus\jakarta.mail\1.1.0\jakarta.mail-1.1.0.jar;C:\Users\Systej\.m2\repository\jakarta\activation\jakarta.activation-api\2.1.2\jakarta.activation-api-2.1.2.jar;C:\Users\Systej\.m2\repository\org\eclipse\angus\angus-activation\2.0.1\angus-activation-2.0.1.jar;C:\Users\Systej\.m2\repository\org\springframework\boot\spring-boot-starter-data-jpa\3.1.1\spring-boot-starter-data-jpa-3.1.1.jar;C:\Users\Systej\.m2\repository\org\springframework\boot\spring-boot-starter-aop\3.1.1\spring-boot-starter-aop-3.1.1.jar;C:\Users\Systej\.m2\repository\org\springframework\spring-aop\6.0.10\spring-aop-6.0.10.jar;C:\Users\Systej\.m2\repository\org\aspectj\aspectjweaver\1.9.19\aspectjweaver-1.9.19.jar;C:\Users\Systej\.m2\repository\org\springframework\boot\spring-boot-starter-jdbc\3.1.1\spring-boot-starter-jdbc-3.1.1.jar;C:\Users\Systej\.m2\repository\com\zaxxer\HikariCP\5.0.1\HikariCP-5.0.1.jar;C:\Users\Systej\.m2\repository\org\springframework\spring-jdbc\6.0.10\spring-jdbc-6.0.10.jar;C:\Users\Systej\.m2\repository\org\hibernate\orm\hibernate-core\6.2.5.Final\hibernate-core-6.2.5.Final.jar;C:\Users\Systej\.m2\repository\jakarta\persistence\jakarta.persistence-api\3.1.0\jakarta.persistence-api-3.1.0.jar;C:\Users\Systej\.m2\repository\jakarta\transaction\jakarta.transaction-api\2.0.1\jakarta.transaction-api-2.0.1.jar;C:\Users\Systej\.m2\repository\org\jboss\logging\jboss-logging\3.5.1.Final\jboss-logging-3.5.1.Final.jar;C:\Users\Systej\.m2\repository\org\hibernate\common\hibernate-commons-annotations\6.0.6.Final\hibernate-commons-annotations-6.0.6.Final.jar;C:\Users\Systej\.m2\repository\io\smallrye\jandex\3.0.5\jandex-3.0.5.jar;C:\Users\Systej\.m2\repository\com\fasterxml\classmate\1.5.1\classmate-1.5.1.jar;C:\Users\Systej\.m2\repository\net\bytebuddy\byte-buddy\1.14.5\byte-buddy-1.14.5.jar;C:\Users\Systej\.m2\repository\org\glassfish\jaxb\jaxb-runtime\4.0.3\jaxb-runtime-4.0.3.jar;C:\Users\Systej\.m2\repository\org\glassfish\jaxb\jaxb-core\4.0.3\jaxb-core-4.0.3.jar;C:\Users\Systej\.m2\repository\org\glassfish\jaxb\txw2\4.0.3\txw2-4.0.3.jar;C:\Users\Systej\.m2\repository\com\sun\istack\istack-commons-runtime\4.1.2\istack-commons-runtime-4.1.2.jar;C:\Users\Systej\.m2\repository\jakarta\inject\jakarta.inject-api\2.0.1\jakarta.inject-api-2.0.1.jar;C:\Users\Systej\.m2\repository\org\antlr\antlr4-runtime\4.10.1\antlr4-runtime-4.10.1.jar;C:\Users\Systej\.m2\repository\org\springframework\data\spring-data-jpa\3.1.1\spring-data-jpa-3.1.1.jar;C:\Users\Systej\.m2\repository\org\springframework\data\spring-data-commons\3.1.1\spring-data-commons-3.1.1.jar;C:\Users\Systej\.m2\repository\org\springframework\spring-orm\6.0.10\spring-orm-6.0.10.jar;C:\Users\Systej\.m2\repository\org\slf4j\slf4j-api\2.0.7\slf4j-api-2.0.7.jar;C:\Users\Systej\.m2\repository\org\springframework\spring-aspects\6.0.10\spring-aspects-6.0.10.jar;C:\Users\Systej\.m2\repository\org\springframework\boot\spring-boot-starter-web\3.1.1\spring-boot-starter-web-3.1.1.jar;C:\Users\Systej\.m2\repository\org\springframework\boot\spring-boot-starter-json\3.1.1\spring-boot-starter-json-3.1.1.jar;C:\Users\Systej\.m2\repository\com\fasterxml\jackson\core\jackson-databind\2.15.2\jackson-databind-2.15.2.jar;C:\Users\Systej\.m2\repository\com\fasterxml\jackson\core\jackson-annotations\2.15.2\jackson-annotations-2.15.2.jar;C:\Users\Systej\.m2\repository\com\fasterxml\jackson\core\jackson-core\2.15.2\jackson-core-2.15.2.jar;C:\Users\Systej\.m2\repository\com\fasterxml\jackson\datatype\jackson-datatype-jdk8\2.15.2\jackson-datatype-jdk8-2.15.2.jar;C:\Users\Systej\.m2\repository\com\fasterxml\jackson\datatype\jackson-datatype-jsr310\2.15.2\jackson-datatype-jsr310-2.15.2.jar;C:\Users\Systej\.m2\repository\com\fasterxml\jackson\module\jackson-module-parameter-names\2.15.2\jackson-module-parameter-names-2.15.2.jar;C:\Users\Systej\.m2\repository\org\springframework\boot\spring-boot-starter-tomcat\3.1.1\spring-boot-starter-tomcat-3.1.1.jar;C:\Users\Systej\.m2\repository\org\apache\tomcat\embed\tomcat-embed-core\10.1.10\tomcat-embed-core-10.1.10.jar;C:\Users\Systej\.m2\repository\org\apache\tomcat\embed\tomcat-embed-el\10.1.10\tomcat-embed-el-10.1.10.jar;C:\Users\Systej\.m2\repository\org\apache\tomcat\embed\tomcat-embed-websocket\10.1.10\tomcat-embed-websocket-10.1.10.jar;C:\Users\Systej\.m2\repository\org\springframework\spring-webmvc\6.0.10\spring-webmvc-6.0.10.jar;C:\Users\Systej\.m2\repository\org\springframework\spring-expression\6.0.10\spring-expression-6.0.10.jar;C:\Users\Systej\.m2\repository\org\springframework\kafka\spring-kafka\3.0.8\spring-kafka-3.0.8.jar;C:\Users\Systej\.m2\repository\org\springframework\spring-context\6.0.10\spring-context-6.0.10.jar;C:\Users\Systej\.m2\repository\org\springframework\spring-messaging\6.0.10\spring-messaging-6.0.10.jar;C:\Users\Systej\.m2\repository\org\springframework\spring-tx\6.0.10\spring-tx-6.0.10.jar;C:\Users\Systej\.m2\repository\org\springframework\retry\spring-retry\2.0.2\spring-retry-2.0.2.jar;C:\Users\Systej\.m2\repository\org\apache\kafka\kafka-clients\3.4.1\kafka-clients-3.4.1.jar;C:\Users\Systej\.m2\repository\com\github\luben\zstd-jni\1.5.2-1\zstd-jni-1.5.2-1.jar;C:\Users\Systej\.m2\repository\org\lz4\lz4-java\1.8.0\lz4-java-1.8.0.jar;C:\Users\Systej\.m2\repository\org\xerial\snappy\snappy-java\1.1.8.4\snappy-java-1.1.8.4.jar;C:\Users\Systej\.m2\repository\io\micrometer\micrometer-observation\1.11.1\micrometer-observation-1.11.1.jar;C:\Users\Systej\.m2\repository\io\micrometer\micrometer-commons\1.11.1\micrometer-commons-1.11.1.jar;C:\Users\Systej\.m2\repository\com\google\code\findbugs\jsr305\3.0.2\jsr305-3.0.2.jar;C:\Users\Systej\.m2\repository\com\mysql\mysql-connector-j\8.0.33\mysql-connector-j-8.0.33.jar;C:\Users\Systej\.m2\repository\org\projectlombok\lombok\1.18.28\lombok-1.18.28.jar;C:\Users\Systej\.m2\repository\org\springframework\boot\spring-boot-starter-test\3.1.1\spring-boot-starter-test-3.1.1.jar;C:\Users\Systej\.m2\repository\org\springframework\boot\spring-boot-test\3.1.1\spring-boot-test-3.1.1.jar;C:\Users\Systej\.m2\repository\org\springframework\boot\spring-boot-test-autoconfigure\3.1.1\spring-boot-test-autoconfigure-3.1.1.jar;C:\Users\Systej\.m2\repository\com\jayway\jsonpath\json-path\2.8.0\json-path-2.8.0.jar;C:\Users\Systej\.m2\repository\jakarta\xml\bind\jakarta.xml.bind-api\4.0.0\jakarta.xml.bind-api-4.0.0.jar;C:\Users\Systej\.m2\repository\net\minidev\json-smart\2.4.11\json-smart-2.4.11.jar;C:\Users\Systej\.m2\repository\net\minidev\accessors-smart\2.4.11\accessors-smart-2.4.11.jar;C:\Users\Systej\.m2\repository\org\ow2\asm\asm\9.3\asm-9.3.jar;C:\Users\Systej\.m2\repository\org\assertj\assertj-core\3.24.2\assertj-core-3.24.2.jar;C:\Users\Systej\.m2\repository\org\hamcrest\hamcrest\2.2\hamcrest-2.2.jar;C:\Users\Systej\.m2\repository\org\junit\jupiter\junit-jupiter\5.9.3\junit-jupiter-5.9.3.jar;C:\Users\Systej\.m2\repository\org\junit\jupiter\junit-jupiter-params\5.9.3\junit-jupiter-params-5.9.3.jar;C:\Users\Systej\.m2\repository\org\junit\jupiter\junit-jupiter-engine\5.9.3\junit-jupiter-engine-5.9.3.jar;C:\Users\Systej\.m2\repository\org\mockito\mockito-core\5.3.1\mockito-core-5.3.1.jar;C:\Users\Systej\.m2\repository\net\bytebuddy\byte-buddy-agent\1.14.5\byte-buddy-agent-1.14.5.jar;C:\Users\Systej\.m2\repository\org\objenesis\objenesis\3.3\objenesis-3.3.jar;C:\Users\Systej\.m2\repository\org\mockito\mockito-junit-jupiter\5.3.1\mockito-junit-jupiter-5.3.1.jar;C:\Users\Systej\.m2\repository\org\skyscreamer\jsonassert\1.5.1\jsonassert-1.5.1.jar;C:\Users\Systej\.m2\repository\com\vaadin\external\google\android-json\0.0.20131108.vaadin1\android-json-0.0.20131108.vaadin1.jar;C:\Users\Systej\.m2\repository\org\springframework\spring-core\6.0.10\spring-core-6.0.10.jar;C:\Users\Systej\.m2\repository\org\springframework\spring-jcl\6.0.10\spring-jcl-6.0.10.jar;C:\Users\Systej\.m2\repository\org\springframework\spring-test\6.0.10\spring-test-6.0.10.jar;C:\Users\Systej\.m2\repository\org\xmlunit\xmlunit-core\2.9.1\xmlunit-core-2.9.1.jar;C:\Users\Systej\.m2\repository\org\springframework\kafka\spring-kafka-test\3.0.8\spring-kafka-test-3.0.8.jar;C:\Users\Systej\.m2\repository\org\apache\zookeeper\zookeeper\3.6.3\zookeeper-3.6.3.jar;C:\Users\Systej\.m2\repository\org\apache\zookeeper\zookeeper-jute\3.6.3\zookeeper-jute-3.6.3.jar;C:\Users\Systej\.m2\repository\org\apache\yetus\audience-annotations\0.5.0\audience-annotations-0.5.0.jar;C:\Users\Systej\.m2\repository\io\netty\netty-handler\4.1.94.Final\netty-handler-4.1.94.Final.jar;C:\Users\Systej\.m2\repository\io\netty\netty-common\4.1.94.Final\netty-common-4.1.94.Final.jar;C:\Users\Systej\.m2\repository\io\netty\netty-resolver\4.1.94.Final\netty-resolver-4.1.94.Final.jar;C:\Users\Systej\.m2\repository\io\netty\netty-buffer\4.1.94.Final\netty-buffer-4.1.94.Final.jar;C:\Users\Systej\.m2\repository\io\netty\netty-transport\4.1.94.Final\netty-transport-4.1.94.Final.jar;C:\Users\Systej\.m2\repository\io\netty\netty-transport-native-unix-common\4.1.94.Final\netty-transport-native-unix-common-4.1.94.Final.jar;C:\Users\Systej\.m2\repository\io\netty\netty-codec\4.1.94.Final\netty-codec-4.1.94.Final.jar;C:\Users\Systej\.m2\repository\io\netty\netty-transport-native-epoll\4.1.94.Final\netty-transport-native-epoll-4.1.94.Final.jar;C:\Users\Systej\.m2\repository\io\netty\netty-transport-classes-epoll\4.1.94.Final\netty-transport-classes-epoll-4.1.94.Final.jar;C:\Users\Systej\.m2\repository\org\apache\kafka\kafka-clients\3.4.1\kafka-clients-3.4.1-test.jar;C:\Users\Systej\.m2\repository\org\apache\kafka\kafka-metadata\3.4.1\kafka-metadata-3.4.1.jar;C:\Users\Systej\.m2\repository\org\apache\kafka\kafka-server-common\3.4.1\kafka-server-common-3.4.1.jar;C:\Users\Systej\.m2\repository\org\apache\kafka\kafka-raft\3.4.1\kafka-raft-3.4.1.jar;C:\Users\Systej\.m2\repository\com\yammer\metrics\metrics-core\2.2.0\metrics-core-2.2.0.jar;C:\Users\Systej\.m2\repository\org\apache\kafka\kafka-streams-test-utils\3.4.1\kafka-streams-test-utils-3.4.1.jar;C:\Users\Systej\.m2\repository\org\apache\kafka\kafka-streams\3.4.1\kafka-streams-3.4.1.jar;C:\Users\Systej\.m2\repository\org\rocksdb\rocksdbjni\7.1.2\rocksdbjni-7.1.2.jar;C:\Users\Systej\.m2\repository\org\apache\kafka\kafka_2.13\3.4.1\kafka_2.13-3.4.1.jar;C:\Users\Systej\.m2\repository\org\scala-lang\scala-library\2.13.10\scala-library-2.13.10.jar;C:\Users\Systej\.m2\repository\org\apache\kafka\kafka-group-coordinator\3.4.1\kafka-group-coordinator-3.4.1.jar;C:\Users\Systej\.m2\repository\org\apache\kafka\kafka-storage\3.4.1\kafka-storage-3.4.1.jar;C:\Users\Systej\.m2\repository\org\apache\kafka\kafka-storage-api\3.4.1\kafka-storage-api-3.4.1.jar;C:\Users\Systej\.m2\repository\net\sourceforge\argparse4j\argparse4j\0.7.0\argparse4j-0.7.0.jar;C:\Users\Systej\.m2\repository\com\fasterxml\jackson\module\jackson-module-scala_2.13\2.15.2\jackson-module-scala_2.13-2.15.2.jar;C:\Users\Systej\.m2\repository\com\thoughtworks\paranamer\paranamer\2.8\paranamer-2.8.jar;C:\Users\Systej\.m2\repository\com\fasterxml\jackson\dataformat\jackson-dataformat-csv\2.15.2\jackson-dataformat-csv-2.15.2.jar;C:\Users\Systej\.m2\repository\net\sf\jopt-simple\jopt-simple\5.0.4\jopt-simple-5.0.4.jar;C:\Users\Systej\.m2\repository\org\bitbucket\b_c\jose4j\0.9.3\jose4j-0.9.3.jar;C:\Users\Systej\.m2\repository\org\scala-lang\modules\scala-collection-compat_2.13\2.10.0\scala-collection-compat_2.13-2.10.0.jar;C:\Users\Systej\.m2\repository\org\scala-lang\modules\scala-java8-compat_2.13\1.0.2\scala-java8-compat_2.13-1.0.2.jar;C:\Users\Systej\.m2\repository\org\scala-lang\scala-reflect\2.13.10\scala-reflect-2.13.10.jar;C:\Users\Systej\.m2\repository\com\typesafe\scala-logging\scala-logging_2.13\3.9.4\scala-logging_2.13-3.9.4.jar;C:\Users\Systej\.m2\repository\io\dropwizard\metrics\metrics-core\4.2.19\metrics-core-4.2.19.jar;C:\Users\Systej\.m2\repository\commons-cli\commons-cli\1.4\commons-cli-1.4.jar;C:\Users\Systej\.m2\repository\org\apache\kafka\kafka_2.13\3.4.1\kafka_2.13-3.4.1-test.jar;C:\Users\Systej\.m2\repository\org\junit\jupiter\junit-jupiter-api\5.9.3\junit-jupiter-api-5.9.3.jar;C:\Users\Systej\.m2\repository\org\opentest4j\opentest4j\1.2.0\opentest4j-1.2.0.jar;C:\Users\Systej\.m2\repository\org\junit\platform\junit-platform-commons\1.9.3\junit-platform-commons-1.9.3.jar;C:\Users\Systej\.m2\repository\org\apiguardian\apiguardian-api\1.1.2\apiguardian-api-1.1.2.jar;C:\Users\Systej\.m2\repository\org\junit\platform\junit-platform-launcher\1.9.3\junit-platform-launcher-1.9.3.jar;C:\Users\Systej\.m2\repository\org\junit\platform\junit-platform-engine\1.9.3\junit-platform-engine-1.9.3.jar;C:\Users\Systej\.m2\repository\org\springframework\spring-web\6.0.10\spring-web-6.0.10.jar;C:\Users\Systej\.m2\repository\org\springframework\spring-beans\6.0.10\spring-beans-6.0.10.jar;C:\Users\Systej\.m2\repository\javax\mail\mail\1.4.7\mail-1.4.7.jar;C:\Users\Systej\.m2\repository\javax\activation\activation\1.1\activation-1.1.jar;C:\Users\Systej\.m2\repository\org\springframework\boot\spring-boot-starter-thymeleaf\3.1.1\spring-boot-starter-thymeleaf-3.1.1.jar;C:\Users\Systej\.m2\repository\org\thymeleaf\thymeleaf-spring6\3.1.1.RELEASE\thymeleaf-spring6-3.1.1.RELEASE.jar;C:\Users\Systej\.m2\repository\org\thymeleaf\thymeleaf\3.1.1.RELEASE\thymeleaf-3.1.1.RELEASE.jar;C:\Users\Systej\.m2\repository\org\attoparser\attoparser\2.0.6.RELEASE\attoparser-2.0.6.RELEASE.jar;C:\Users\Systej\.m2\repository\org\unbescape\unbescape\1.1.6.RELEASE\unbescape-1.1.6.RELEASE.jar;C:\Users\Systej\.m2\repository\com\h2database\h2\2.1.214\h2-2.1.214.jar;C:\Users\Systej\.m2\repository\org\apache\maven\plugins\maven-war-plugin\3.2.2\maven-war-plugin-3.2.2.jar;C:\Users\Systej\.m2\repository\org\apache\maven\maven-plugin-api\3.0\maven-plugin-api-3.0.jar;C:\Users\Systej\.m2\repository\org\apache\maven\maven-model\3.0\maven-model-3.0.jar;C:\Users\Systej\.m2\repository\org\apache\maven\maven-artifact\3.0\maven-artifact-3.0.jar;C:\Users\Systej\.m2\repository\org\sonatype\sisu\sisu-inject-plexus\1.4.2\sisu-inject-plexus-1.4.2.jar;C:\Users\Systej\.m2\repository\org\sonatype\sisu\sisu-inject-bean\1.4.2\sisu-inject-bean-1.4.2.jar;C:\Users\Systej\.m2\repository\org\sonatype\sisu\sisu-guice\2.1.7\sisu-guice-2.1.7-noaop.jar;C:\Users\Systej\.m2\repository\org\apache\maven\maven-core\3.0\maven-core-3.0.jar;C:\Users\Systej\.m2\repository\org\apache\maven\maven-settings\3.0\maven-settings-3.0.jar;C:\Users\Systej\.m2\repository\org\apache\maven\maven-settings-builder\3.0\maven-settings-builder-3.0.jar;C:\Users\Systej\.m2\repository\org\apache\maven\maven-repository-metadata\3.0\maven-repository-metadata-3.0.jar;C:\Users\Systej\.m2\repository\org\apache\maven\maven-model-builder\3.0\maven-model-builder-3.0.jar;C:\Users\Systej\.m2\repository\org\apache\maven\maven-aether-provider\3.0\maven-aether-provider-3.0.jar;C:\Users\Systej\.m2\repository\org\sonatype\aether\aether-impl\1.7\aether-impl-1.7.jar;C:\Users\Systej\.m2\repository\org\sonatype\aether\aether-spi\1.7\aether-spi-1.7.jar;C:\Users\Systej\.m2\repository\org\sonatype\aether\aether-api\1.7\aether-api-1.7.jar;C:\Users\Systej\.m2\repository\org\sonatype\aether\aether-util\1.7\aether-util-1.7.jar;C:\Users\Systej\.m2\repository\org\codehaus\plexus\plexus-classworlds\2.2.3\plexus-classworlds-2.2.3.jar;C:\Users\Systej\.m2\repository\org\codehaus\plexus\plexus-component-annotations\1.5.5\plexus-component-annotations-1.5.5.jar;C:\Users\Systej\.m2\repository\org\sonatype\plexus\plexus-sec-dispatcher\1.3\plexus-sec-dispatcher-1.3.jar;C:\Users\Systej\.m2\repository\org\sonatype\plexus\plexus-cipher\1.4\plexus-cipher-1.4.jar;C:\Users\Systej\.m2\repository\org\apache\maven\maven-archiver\3.2.0\maven-archiver-3.2.0.jar;C:\Users\Systej\.m2\repository\org\apache\maven\shared\maven-shared-utils\3.2.0\maven-shared-utils-3.2.0.jar;C:\Users\Systej\.m2\repository\commons-io\commons-io\2.5\commons-io-2.5.jar;C:\Users\Systej\.m2\repository\org\codehaus\plexus\plexus-archiver\3.6.0\plexus-archiver-3.6.0.jar;C:\Users\Systej\.m2\repository\org\codehaus\plexus\plexus-io\3.0.1\plexus-io-3.0.1.jar;C:\Users\Systej\.m2\repository\org\apache\commons\commons-compress\1.16.1\commons-compress-1.16.1.jar;C:\Users\Systej\.m2\repository\org\iq80\snappy\snappy\0.4\snappy-0.4.jar;C:\Users\Systej\.m2\repository\org\tukaani\xz\1.8\xz-1.8.jar;C:\Users\Systej\.m2\repository\org\codehaus\plexus\plexus-interpolation\1.25\plexus-interpolation-1.25.jar;C:\Users\Systej\.m2\repository\com\thoughtworks\xstream\xstream\1.4.10\xstream-1.4.10.jar;C:\Users\Systej\.m2\repository\xmlpull\xmlpull\1.1.3.1\xmlpull-1.1.3.1.jar;C:\Users\Systej\.m2\repository\xpp3\xpp3_min\1.1.4c\xpp3_min-1.1.4c.jar;C:\Users\Systej\.m2\repository\org\codehaus\plexus\plexus-utils\3.1.0\plexus-utils-3.1.0.jar;C:\Users\Systej\.m2\repository\org\apache\maven\shared\maven-filtering\3.1.1\maven-filtering-3.1.1.jar;C:\Users\Systej\.m2\repository\org\sonatype\plexus\plexus-build-api\0.0.7\plexus-build-api-0.0.7.jar;C:\Users\Systej\.m2\repository\org\apache\maven\shared\maven-mapping\3.0.0\maven-mapping-3.0.0.jar;"/>
    <property name="java.vm.vendor" value="Oracle Corporation"/>
    <property name="sun.arch.data.model" value="64"/>
    <property name="user.variant" value=""/>
    <property name="java.vendor.url" value="https://java.oracle.com/"/>
    <property name="user.timezone" value="Africa/Lagos"/>
    <property name="org.jboss.logging.provider" value="slf4j"/>
    <property name="os.name" value="Windows 10"/>
    <property name="java.vm.specification.version" value="17"/>
    <property name="sun.java.launcher" value="SUN_STANDARD"/>
    <property name="user.country" value="US"/>
    <property name="sun.boot.library.path" value="C:\Program Files\Java\jdk-17\bin"/>
    <property name="sun.java.command" value="C:\Users\Systej\AppData\Local\Temp\surefire10652739065548373850\surefirebooter-20230824110343221_3.jar C:\Users\Systej\AppData\Local\Temp\surefire10652739065548373850 2023-08-24T11-03-42_555-jvmRun1 surefire-20230824110343221_1tmp surefire_0-20230824110343221_2tmp"/>
    <property name="jdk.debug" value="release"/>
    <property name="surefire.test.class.path" value="C:\Users\Systej\Documents\project\spring-boot\women-health\target\test-classes;C:\Users\Systej\Documents\project\spring-boot\women-health\target\classes;C:\Users\Systej\.m2\repository\org\springframework\boot\spring-boot-starter-mail\3.0.4\spring-boot-starter-mail-3.0.4.jar;C:\Users\Systej\.m2\repository\org\springframework\boot\spring-boot-starter\3.1.1\spring-boot-starter-3.1.1.jar;C:\Users\Systej\.m2\repository\org\springframework\boot\spring-boot\3.1.1\spring-boot-3.1.1.jar;C:\Users\Systej\.m2\repository\org\springframework\boot\spring-boot-autoconfigure\3.1.1\spring-boot-autoconfigure-3.1.1.jar;C:\Users\Systej\.m2\repository\org\springframework\boot\spring-boot-starter-logging\3.1.1\spring-boot-starter-logging-3.1.1.jar;C:\Users\Systej\.m2\repository\ch\qos\logback\logback-classic\1.4.8\logback-classic-1.4.8.jar;C:\Users\Systej\.m2\repository\ch\qos\logback\logback-core\1.4.8\logback-core-1.4.8.jar;C:\Users\Systej\.m2\repository\org\apache\logging\log4j\log4j-to-slf4j\2.20.0\log4j-to-slf4j-2.20.0.jar;C:\Users\Systej\.m2\repository\org\apache\logging\log4j\log4j-api\2.20.0\log4j-api-2.20.0.jar;C:\Users\Systej\.m2\repository\org\slf4j\jul-to-slf4j\2.0.7\jul-to-slf4j-2.0.7.jar;C:\Users\Systej\.m2\repository\jakarta\annotation\jakarta.annotation-api\2.1.1\jakarta.annotation-api-2.1.1.jar;C:\Users\Systej\.m2\repository\org\yaml\snakeyaml\1.33\snakeyaml-1.33.jar;C:\Users\Systej\.m2\repository\org\springframework\spring-context-support\6.0.10\spring-context-support-6.0.10.jar;C:\Users\Systej\.m2\repository\org\eclipse\angus\jakarta.mail\1.1.0\jakarta.mail-1.1.0.jar;C:\Users\Systej\.m2\repository\jakarta\activation\jakarta.activation-api\2.1.2\jakarta.activation-api-2.1.2.jar;C:\Users\Systej\.m2\repository\org\eclipse\angus\angus-activation\2.0.1\angus-activation-2.0.1.jar;C:\Users\Systej\.m2\repository\org\springframework\boot\spring-boot-starter-data-jpa\3.1.1\spring-boot-starter-data-jpa-3.1.1.jar;C:\Users\Systej\.m2\repository\org\springframework\boot\spring-boot-starter-aop\3.1.1\spring-boot-starter-aop-3.1.1.jar;C:\Users\Systej\.m2\repository\org\springframework\spring-aop\6.0.10\spring-aop-6.0.10.jar;C:\Users\Systej\.m2\repository\org\aspectj\aspectjweaver\1.9.19\aspectjweaver-1.9.19.jar;C:\Users\Systej\.m2\repository\org\springframework\boot\spring-boot-starter-jdbc\3.1.1\spring-boot-starter-jdbc-3.1.1.jar;C:\Users\Systej\.m2\repository\com\zaxxer\HikariCP\5.0.1\HikariCP-5.0.1.jar;C:\Users\Systej\.m2\repository\org\springframework\spring-jdbc\6.0.10\spring-jdbc-6.0.10.jar;C:\Users\Systej\.m2\repository\org\hibernate\orm\hibernate-core\6.2.5.Final\hibernate-core-6.2.5.Final.jar;C:\Users\Systej\.m2\repository\jakarta\persistence\jakarta.persistence-api\3.1.0\jakarta.persistence-api-3.1.0.jar;C:\Users\Systej\.m2\repository\jakarta\transaction\jakarta.transaction-api\2.0.1\jakarta.transaction-api-2.0.1.jar;C:\Users\Systej\.m2\repository\org\jboss\logging\jboss-logging\3.5.1.Final\jboss-logging-3.5.1.Final.jar;C:\Users\Systej\.m2\repository\org\hibernate\common\hibernate-commons-annotations\6.0.6.Final\hibernate-commons-annotations-6.0.6.Final.jar;C:\Users\Systej\.m2\repository\io\smallrye\jandex\3.0.5\jandex-3.0.5.jar;C:\Users\Systej\.m2\repository\com\fasterxml\classmate\1.5.1\classmate-1.5.1.jar;C:\Users\Systej\.m2\repository\net\bytebuddy\byte-buddy\1.14.5\byte-buddy-1.14.5.jar;C:\Users\Systej\.m2\repository\org\glassfish\jaxb\jaxb-runtime\4.0.3\jaxb-runtime-4.0.3.jar;C:\Users\Systej\.m2\repository\org\glassfish\jaxb\jaxb-core\4.0.3\jaxb-core-4.0.3.jar;C:\Users\Systej\.m2\repository\org\glassfish\jaxb\txw2\4.0.3\txw2-4.0.3.jar;C:\Users\Systej\.m2\repository\com\sun\istack\istack-commons-runtime\4.1.2\istack-commons-runtime-4.1.2.jar;C:\Users\Systej\.m2\repository\jakarta\inject\jakarta.inject-api\2.0.1\jakarta.inject-api-2.0.1.jar;C:\Users\Systej\.m2\repository\org\antlr\antlr4-runtime\4.10.1\antlr4-runtime-4.10.1.jar;C:\Users\Systej\.m2\repository\org\springframework\data\spring-data-jpa\3.1.1\spring-data-jpa-3.1.1.jar;C:\Users\Systej\.m2\repository\org\springframework\data\spring-data-commons\3.1.1\spring-data-commons-3.1.1.jar;C:\Users\Systej\.m2\repository\org\springframework\spring-orm\6.0.10\spring-orm-6.0.10.jar;C:\Users\Systej\.m2\repository\org\slf4j\slf4j-api\2.0.7\slf4j-api-2.0.7.jar;C:\Users\Systej\.m2\repository\org\springframework\spring-aspects\6.0.10\spring-aspects-6.0.10.jar;C:\Users\Systej\.m2\repository\org\springframework\boot\spring-boot-starter-web\3.1.1\spring-boot-starter-web-3.1.1.jar;C:\Users\Systej\.m2\repository\org\springframework\boot\spring-boot-starter-json\3.1.1\spring-boot-starter-json-3.1.1.jar;C:\Users\Systej\.m2\repository\com\fasterxml\jackson\core\jackson-databind\2.15.2\jackson-databind-2.15.2.jar;C:\Users\Systej\.m2\repository\com\fasterxml\jackson\core\jackson-annotations\2.15.2\jackson-annotations-2.15.2.jar;C:\Users\Systej\.m2\repository\com\fasterxml\jackson\core\jackson-core\2.15.2\jackson-core-2.15.2.jar;C:\Users\Systej\.m2\repository\com\fasterxml\jackson\datatype\jackson-datatype-jdk8\2.15.2\jackson-datatype-jdk8-2.15.2.jar;C:\Users\Systej\.m2\repository\com\fasterxml\jackson\datatype\jackson-datatype-jsr310\2.15.2\jackson-datatype-jsr310-2.15.2.jar;C:\Users\Systej\.m2\repository\com\fasterxml\jackson\module\jackson-module-parameter-names\2.15.2\jackson-module-parameter-names-2.15.2.jar;C:\Users\Systej\.m2\repository\org\springframework\boot\spring-boot-starter-tomcat\3.1.1\spring-boot-starter-tomcat-3.1.1.jar;C:\Users\Systej\.m2\repository\org\apache\tomcat\embed\tomcat-embed-core\10.1.10\tomcat-embed-core-10.1.10.jar;C:\Users\Systej\.m2\repository\org\apache\tomcat\embed\tomcat-embed-el\10.1.10\tomcat-embed-el-10.1.10.jar;C:\Users\Systej\.m2\repository\org\apache\tomcat\embed\tomcat-embed-websocket\10.1.10\tomcat-embed-websocket-10.1.10.jar;C:\Users\Systej\.m2\repository\org\springframework\spring-webmvc\6.0.10\spring-webmvc-6.0.10.jar;C:\Users\Systej\.m2\repository\org\springframework\spring-expression\6.0.10\spring-expression-6.0.10.jar;C:\Users\Systej\.m2\repository\org\springframework\kafka\spring-kafka\3.0.8\spring-kafka-3.0.8.jar;C:\Users\Systej\.m2\repository\org\springframework\spring-context\6.0.10\spring-context-6.0.10.jar;C:\Users\Systej\.m2\repository\org\springframework\spring-messaging\6.0.10\spring-messaging-6.0.10.jar;C:\Users\Systej\.m2\repository\org\springframework\spring-tx\6.0.10\spring-tx-6.0.10.jar;C:\Users\Systej\.m2\repository\org\springframework\retry\spring-retry\2.0.2\spring-retry-2.0.2.jar;C:\Users\Systej\.m2\repository\org\apache\kafka\kafka-clients\3.4.1\kafka-clients-3.4.1.jar;C:\Users\Systej\.m2\repository\com\github\luben\zstd-jni\1.5.2-1\zstd-jni-1.5.2-1.jar;C:\Users\Systej\.m2\repository\org\lz4\lz4-java\1.8.0\lz4-java-1.8.0.jar;C:\Users\Systej\.m2\repository\org\xerial\snappy\snappy-java\1.1.8.4\snappy-java-1.1.8.4.jar;C:\Users\Systej\.m2\repository\io\micrometer\micrometer-observation\1.11.1\micrometer-observation-1.11.1.jar;C:\Users\Systej\.m2\repository\io\micrometer\micrometer-commons\1.11.1\micrometer-commons-1.11.1.jar;C:\Users\Systej\.m2\repository\com\google\code\findbugs\jsr305\3.0.2\jsr305-3.0.2.jar;C:\Users\Systej\.m2\repository\com\mysql\mysql-connector-j\8.0.33\mysql-connector-j-8.0.33.jar;C:\Users\Systej\.m2\repository\org\projectlombok\lombok\1.18.28\lombok-1.18.28.jar;C:\Users\Systej\.m2\repository\org\springframework\boot\spring-boot-starter-test\3.1.1\spring-boot-starter-test-3.1.1.jar;C:\Users\Systej\.m2\repository\org\springframework\boot\spring-boot-test\3.1.1\spring-boot-test-3.1.1.jar;C:\Users\Systej\.m2\repository\org\springframework\boot\spring-boot-test-autoconfigure\3.1.1\spring-boot-test-autoconfigure-3.1.1.jar;C:\Users\Systej\.m2\repository\com\jayway\jsonpath\json-path\2.8.0\json-path-2.8.0.jar;C:\Users\Systej\.m2\repository\jakarta\xml\bind\jakarta.xml.bind-api\4.0.0\jakarta.xml.bind-api-4.0.0.jar;C:\Users\Systej\.m2\repository\net\minidev\json-smart\2.4.11\json-smart-2.4.11.jar;C:\Users\Systej\.m2\repository\net\minidev\accessors-smart\2.4.11\accessors-smart-2.4.11.jar;C:\Users\Systej\.m2\repository\org\ow2\asm\asm\9.3\asm-9.3.jar;C:\Users\Systej\.m2\repository\org\assertj\assertj-core\3.24.2\assertj-core-3.24.2.jar;C:\Users\Systej\.m2\repository\org\hamcrest\hamcrest\2.2\hamcrest-2.2.jar;C:\Users\Systej\.m2\repository\org\junit\jupiter\junit-jupiter\5.9.3\junit-jupiter-5.9.3.jar;C:\Users\Systej\.m2\repository\org\junit\jupiter\junit-jupiter-params\5.9.3\junit-jupiter-params-5.9.3.jar;C:\Users\Systej\.m2\repository\org\junit\jupiter\junit-jupiter-engine\5.9.3\junit-jupiter-engine-5.9.3.jar;C:\Users\Systej\.m2\repository\org\mockito\mockito-core\5.3.1\mockito-core-5.3.1.jar;C:\Users\Systej\.m2\repository\net\bytebuddy\byte-buddy-agent\1.14.5\byte-buddy-agent-1.14.5.jar;C:\Users\Systej\.m2\repository\org\objenesis\objenesis\3.3\objenesis-3.3.jar;C:\Users\Systej\.m2\repository\org\mockito\mockito-junit-jupiter\5.3.1\mockito-junit-jupiter-5.3.1.jar;C:\Users\Systej\.m2\repository\org\skyscreamer\jsonassert\1.5.1\jsonassert-1.5.1.jar;C:\Users\Systej\.m2\repository\com\vaadin\external\google\android-json\0.0.20131108.vaadin1\android-json-0.0.20131108.vaadin1.jar;C:\Users\Systej\.m2\repository\org\springframework\spring-core\6.0.10\spring-core-6.0.10.jar;C:\Users\Systej\.m2\repository\org\springframework\spring-jcl\6.0.10\spring-jcl-6.0.10.jar;C:\Users\Systej\.m2\repository\org\springframework\spring-test\6.0.10\spring-test-6.0.10.jar;C:\Users\Systej\.m2\repository\org\xmlunit\xmlunit-core\2.9.1\xmlunit-core-2.9.1.jar;C:\Users\Systej\.m2\repository\org\springframework\kafka\spring-kafka-test\3.0.8\spring-kafka-test-3.0.8.jar;C:\Users\Systej\.m2\repository\org\apache\zookeeper\zookeeper\3.6.3\zookeeper-3.6.3.jar;C:\Users\Systej\.m2\repository\org\apache\zookeeper\zookeeper-jute\3.6.3\zookeeper-jute-3.6.3.jar;C:\Users\Systej\.m2\repository\org\apache\yetus\audience-annotations\0.5.0\audience-annotations-0.5.0.jar;C:\Users\Systej\.m2\repository\io\netty\netty-handler\4.1.94.Final\netty-handler-4.1.94.Final.jar;C:\Users\Systej\.m2\repository\io\netty\netty-common\4.1.94.Final\netty-common-4.1.94.Final.jar;C:\Users\Systej\.m2\repository\io\netty\netty-resolver\4.1.94.Final\netty-resolver-4.1.94.Final.jar;C:\Users\Systej\.m2\repository\io\netty\netty-buffer\4.1.94.Final\netty-buffer-4.1.94.Final.jar;C:\Users\Systej\.m2\repository\io\netty\netty-transport\4.1.94.Final\netty-transport-4.1.94.Final.jar;C:\Users\Systej\.m2\repository\io\netty\netty-transport-native-unix-common\4.1.94.Final\netty-transport-native-unix-common-4.1.94.Final.jar;C:\Users\Systej\.m2\repository\io\netty\netty-codec\4.1.94.Final\netty-codec-4.1.94.Final.jar;C:\Users\Systej\.m2\repository\io\netty\netty-transport-native-epoll\4.1.94.Final\netty-transport-native-epoll-4.1.94.Final.jar;C:\Users\Systej\.m2\repository\io\netty\netty-transport-classes-epoll\4.1.94.Final\netty-transport-classes-epoll-4.1.94.Final.jar;C:\Users\Systej\.m2\repository\org\apache\kafka\kafka-clients\3.4.1\kafka-clients-3.4.1-test.jar;C:\Users\Systej\.m2\repository\org\apache\kafka\kafka-metadata\3.4.1\kafka-metadata-3.4.1.jar;C:\Users\Systej\.m2\repository\org\apache\kafka\kafka-server-common\3.4.1\kafka-server-common-3.4.1.jar;C:\Users\Systej\.m2\repository\org\apache\kafka\kafka-raft\3.4.1\kafka-raft-3.4.1.jar;C:\Users\Systej\.m2\repository\com\yammer\metrics\metrics-core\2.2.0\metrics-core-2.2.0.jar;C:\Users\Systej\.m2\repository\org\apache\kafka\kafka-streams-test-utils\3.4.1\kafka-streams-test-utils-3.4.1.jar;C:\Users\Systej\.m2\repository\org\apache\kafka\kafka-streams\3.4.1\kafka-streams-3.4.1.jar;C:\Users\Systej\.m2\repository\org\rocksdb\rocksdbjni\7.1.2\rocksdbjni-7.1.2.jar;C:\Users\Systej\.m2\repository\org\apache\kafka\kafka_2.13\3.4.1\kafka_2.13-3.4.1.jar;C:\Users\Systej\.m2\repository\org\scala-lang\scala-library\2.13.10\scala-library-2.13.10.jar;C:\Users\Systej\.m2\repository\org\apache\kafka\kafka-group-coordinator\3.4.1\kafka-group-coordinator-3.4.1.jar;C:\Users\Systej\.m2\repository\org\apache\kafka\kafka-storage\3.4.1\kafka-storage-3.4.1.jar;C:\Users\Systej\.m2\repository\org\apache\kafka\kafka-storage-api\3.4.1\kafka-storage-api-3.4.1.jar;C:\Users\Systej\.m2\repository\net\sourceforge\argparse4j\argparse4j\0.7.0\argparse4j-0.7.0.jar;C:\Users\Systej\.m2\repository\com\fasterxml\jackson\module\jackson-module-scala_2.13\2.15.2\jackson-module-scala_2.13-2.15.2.jar;C:\Users\Systej\.m2\repository\com\thoughtworks\paranamer\paranamer\2.8\paranamer-2.8.jar;C:\Users\Systej\.m2\repository\com\fasterxml\jackson\dataformat\jackson-dataformat-csv\2.15.2\jackson-dataformat-csv-2.15.2.jar;C:\Users\Systej\.m2\repository\net\sf\jopt-simple\jopt-simple\5.0.4\jopt-simple-5.0.4.jar;C:\Users\Systej\.m2\repository\org\bitbucket\b_c\jose4j\0.9.3\jose4j-0.9.3.jar;C:\Users\Systej\.m2\repository\org\scala-lang\modules\scala-collection-compat_2.13\2.10.0\scala-collection-compat_2.13-2.10.0.jar;C:\Users\Systej\.m2\repository\org\scala-lang\modules\scala-java8-compat_2.13\1.0.2\scala-java8-compat_2.13-1.0.2.jar;C:\Users\Systej\.m2\repository\org\scala-lang\scala-reflect\2.13.10\scala-reflect-2.13.10.jar;C:\Users\Systej\.m2\repository\com\typesafe\scala-logging\scala-logging_2.13\3.9.4\scala-logging_2.13-3.9.4.jar;C:\Users\Systej\.m2\repository\io\dropwizard\metrics\metrics-core\4.2.19\metrics-core-4.2.19.jar;C:\Users\Systej\.m2\repository\commons-cli\commons-cli\1.4\commons-cli-1.4.jar;C:\Users\Systej\.m2\repository\org\apache\kafka\kafka_2.13\3.4.1\kafka_2.13-3.4.1-test.jar;C:\Users\Systej\.m2\repository\org\junit\jupiter\junit-jupiter-api\5.9.3\junit-jupiter-api-5.9.3.jar;C:\Users\Systej\.m2\repository\org\opentest4j\opentest4j\1.2.0\opentest4j-1.2.0.jar;C:\Users\Systej\.m2\repository\org\junit\platform\junit-platform-commons\1.9.3\junit-platform-commons-1.9.3.jar;C:\Users\Systej\.m2\repository\org\apiguardian\apiguardian-api\1.1.2\apiguardian-api-1.1.2.jar;C:\Users\Systej\.m2\repository\org\junit\platform\junit-platform-launcher\1.9.3\junit-platform-launcher-1.9.3.jar;C:\Users\Systej\.m2\repository\org\junit\platform\junit-platform-engine\1.9.3\junit-platform-engine-1.9.3.jar;C:\Users\Systej\.m2\repository\org\springframework\spring-web\6.0.10\spring-web-6.0.10.jar;C:\Users\Systej\.m2\repository\org\springframework\spring-beans\6.0.10\spring-beans-6.0.10.jar;C:\Users\Systej\.m2\repository\javax\mail\mail\1.4.7\mail-1.4.7.jar;C:\Users\Systej\.m2\repository\javax\activation\activation\1.1\activation-1.1.jar;C:\Users\Systej\.m2\repository\org\springframework\boot\spring-boot-starter-thymeleaf\3.1.1\spring-boot-starter-thymeleaf-3.1.1.jar;C:\Users\Systej\.m2\repository\org\thymeleaf\thymeleaf-spring6\3.1.1.RELEASE\thymeleaf-spring6-3.1.1.RELEASE.jar;C:\Users\Systej\.m2\repository\org\thymeleaf\thymeleaf\3.1.1.RELEASE\thymeleaf-3.1.1.RELEASE.jar;C:\Users\Systej\.m2\repository\org\attoparser\attoparser\2.0.6.RELEASE\attoparser-2.0.6.RELEASE.jar;C:\Users\Systej\.m2\repository\org\unbescape\unbescape\1.1.6.RELEASE\unbescape-1.1.6.RELEASE.jar;C:\Users\Systej\.m2\repository\com\h2database\h2\2.1.214\h2-2.1.214.jar;C:\Users\Systej\.m2\repository\org\apache\maven\plugins\maven-war-plugin\3.2.2\maven-war-plugin-3.2.2.jar;C:\Users\Systej\.m2\repository\org\apache\maven\maven-plugin-api\3.0\maven-plugin-api-3.0.jar;C:\Users\Systej\.m2\repository\org\apache\maven\maven-model\3.0\maven-model-3.0.jar;C:\Users\Systej\.m2\repository\org\apache\maven\maven-artifact\3.0\maven-artifact-3.0.jar;C:\Users\Systej\.m2\repository\org\sonatype\sisu\sisu-inject-plexus\1.4.2\sisu-inject-plexus-1.4.2.jar;C:\Users\Systej\.m2\repository\org\sonatype\sisu\sisu-inject-bean\1.4.2\sisu-inject-bean-1.4.2.jar;C:\Users\Systej\.m2\repository\org\sonatype\sisu\sisu-guice\2.1.7\sisu-guice-2.1.7-noaop.jar;C:\Users\Systej\.m2\repository\org\apache\maven\maven-core\3.0\maven-core-3.0.jar;C:\Users\Systej\.m2\repository\org\apache\maven\maven-settings\3.0\maven-settings-3.0.jar;C:\Users\Systej\.m2\repository\org\apache\maven\maven-settings-builder\3.0\maven-settings-builder-3.0.jar;C:\Users\Systej\.m2\repository\org\apache\maven\maven-repository-metadata\3.0\maven-repository-metadata-3.0.jar;C:\Users\Systej\.m2\repository\org\apache\maven\maven-model-builder\3.0\maven-model-builder-3.0.jar;C:\Users\Systej\.m2\repository\org\apache\maven\maven-aether-provider\3.0\maven-aether-provider-3.0.jar;C:\Users\Systej\.m2\repository\org\sonatype\aether\aether-impl\1.7\aether-impl-1.7.jar;C:\Users\Systej\.m2\repository\org\sonatype\aether\aether-spi\1.7\aether-spi-1.7.jar;C:\Users\Systej\.m2\repository\org\sonatype\aether\aether-api\1.7\aether-api-1.7.jar;C:\Users\Systej\.m2\repository\org\sonatype\aether\aether-util\1.7\aether-util-1.7.jar;C:\Users\Systej\.m2\repository\org\codehaus\plexus\plexus-classworlds\2.2.3\plexus-classworlds-2.2.3.jar;C:\Users\Systej\.m2\repository\org\codehaus\plexus\plexus-component-annotations\1.5.5\plexus-component-annotations-1.5.5.jar;C:\Users\Systej\.m2\repository\org\sonatype\plexus\plexus-sec-dispatcher\1.3\plexus-sec-dispatcher-1.3.jar;C:\Users\Systej\.m2\repository\org\sonatype\plexus\plexus-cipher\1.4\plexus-cipher-1.4.jar;C:\Users\Systej\.m2\repository\org\apache\maven\maven-archiver\3.2.0\maven-archiver-3.2.0.jar;C:\Users\Systej\.m2\repository\org\apache\maven\shared\maven-shared-utils\3.2.0\maven-shared-utils-3.2.0.jar;C:\Users\Systej\.m2\repository\commons-io\commons-io\2.5\commons-io-2.5.jar;C:\Users\Systej\.m2\repository\org\codehaus\plexus\plexus-archiver\3.6.0\plexus-archiver-3.6.0.jar;C:\Users\Systej\.m2\repository\org\codehaus\plexus\plexus-io\3.0.1\plexus-io-3.0.1.jar;C:\Users\Systej\.m2\repository\org\apache\commons\commons-compress\1.16.1\commons-compress-1.16.1.jar;C:\Users\Systej\.m2\repository\org\iq80\snappy\snappy\0.4\snappy-0.4.jar;C:\Users\Systej\.m2\repository\org\tukaani\xz\1.8\xz-1.8.jar;C:\Users\Systej\.m2\repository\org\codehaus\plexus\plexus-interpolation\1.25\plexus-interpolation-1.25.jar;C:\Users\Systej\.m2\repository\com\thoughtworks\xstream\xstream\1.4.10\xstream-1.4.10.jar;C:\Users\Systej\.m2\repository\xmlpull\xmlpull\1.1.3.1\xmlpull-1.1.3.1.jar;C:\Users\Systej\.m2\repository\xpp3\xpp3_min\1.1.4c\xpp3_min-1.1.4c.jar;C:\Users\Systej\.m2\repository\org\codehaus\plexus\plexus-utils\3.1.0\plexus-utils-3.1.0.jar;C:\Users\Systej\.m2\repository\org\apache\maven\shared\maven-filtering\3.1.1\maven-filtering-3.1.1.jar;C:\Users\Systej\.m2\repository\org\sonatype\plexus\plexus-build-api\0.0.7\plexus-build-api-0.0.7.jar;C:\Users\Systej\.m2\repository\org\apache\maven\shared\maven-mapping\3.0.0\maven-mapping-3.0.0.jar;"/>
    <property name="sun.cpu.endian" value="little"/>
    <property name="user.home" value="C:\Users\Systej"/>
    <property name="user.language" value="en"/>
    <property name="java.specification.vendor" value="Oracle Corporation"/>
    <property name="java.version.date" value="2023-01-17"/>
    <property name="java.home" value="C:\Program Files\Java\jdk-17"/>
    <property name="file.separator" value="\"/>
    <property name="basedir" value="C:\Users\Systej\Documents\project\spring-boot\women-health"/>
    <property name="java.vm.compressedOopsMode" value="32-bit"/>
    <property name="line.separator" value="&#10;"/>
    <property name="java.vm.specification.vendor" value="Oracle Corporation"/>
    <property name="java.specification.name" value="Java Platform API Specification"/>
    <property name="FILE_LOG_CHARSET" value="windows-1252"/>
    <property name="java.awt.headless" value="true"/>
    <property name="surefire.real.class.path" value="C:\Users\Systej\AppData\Local\Temp\surefire10652739065548373850\surefirebooter-20230824110343221_3.jar"/>
    <property name="user.script" value=""/>
    <property name="sun.management.compiler" value="HotSpot 64-Bit Tiered Compilers"/>
    <property name="java.runtime.version" value="17.0.6+9-LTS-190"/>
    <property name="user.name" value="Systej"/>
    <property name="path.separator" value=";"/>
    <property name="os.version" value="10.0"/>
    <property name="java.runtime.name" value="Java(TM) SE Runtime Environment"/>
    <property name="file.encoding" value="Cp1252"/>
    <property name="java.vm.name" value="Java HotSpot(TM) 64-Bit Server VM"/>
    <property name="localRepository" value="C:\Users\Systej\.m2\repository"/>
    <property name="java.vendor.url.bug" value="https://bugreport.java.com/bugreport/"/>
    <property name="java.io.tmpdir" value="C:\Users\Systej\AppData\Local\Temp\"/>
    <property name="com.zaxxer.hikari.pool_number" value="1"/>
    <property name="java.version" value="17.0.6"/>
    <property name="user.dir" value="C:\Users\Systej\Documents\project\spring-boot\women-health"/>
    <property name="os.arch" value="amd64"/>
    <property name="java.vm.specification.name" value="Java Virtual Machine Specification"/>
    <property name="PID" value="14024"/>
    <property name="sun.os.patch.level" value=""/>
    <property name="CONSOLE_LOG_CHARSET" value="windows-1252"/>
    <property name="native.encoding" value="Cp1252"/>
    <property name="java.library.path" value="C:\Program Files\Java\jdk-17\bin;C:\WINDOWS\Sun\Java\bin;C:\WINDOWS\system32;C:\WINDOWS;C:\Program Files\Common Files\Oracle\Java\javapath;C:\Python311\Scripts\;C:\Python311\;C:\WINDOWS\system32;C:\WINDOWS;C:\WINDOWS\System32\Wbem;C:\WINDOWS\System32\WindowsPowerShell\v1.0\;C:\WINDOWS\System32\OpenSSH\;C:\Program Files\nodejs\;C:\ProgramData\chocolatey\bin;C:\Users\Systej\AppData\Roaming\npm;C:\Program Files\Java\jdk-17\bin;C:\gradle-7.6\bin;C:\Program Files (x86)\dotnet\;C:\flutter\bin;C:\Windows\System32\WindowsPowerShell\v1.0;C:\Program Files\Git\cmd;C:\Windows\System32;C:\Users\Systej\AppData\Local\Pub\Cache\bin;C:\Users\systej\AppData\Local\Programs\Python\Python37\Scripts\;C:\Users\Systej\Downloads\PortableGit;C:\Program Files\Go\bin;C:\Users\Systej\Documents\project\spring-boot\kafka\bin;C:\Program Files\Cloudflare\Cloudflare WARP\;C:\Program Files (x86)\apache-maven-3.9.4\bin;C:\Users\Systej\AppData\Local\Microsoft\WindowsApps;C:\Users\Systej\AppData\Roaming\npm;C:\Program Files\JetBrains\IntelliJ IDEA 2022.1\bin;;C:\Users\Systej\AppData\Local\Programs\Microsoft VS Code\bin;C:\Users\Systej\go\bin;C:\Program Files\heroku\bin;."/>
    <property name="java.vm.info" value="mixed mode, sharing"/>
    <property name="java.vendor" value="Oracle Corporation"/>
    <property name="java.vm.version" value="17.0.6+9-LTS-190"/>
    <property name="sun.io.unicode.encoding" value="UnicodeLittle"/>
    <property name="java.class.version" value="61.0"/>
  </properties>
  <testcase name="contextLoads" classname="com.healthcaredelivery.healthcareblog.HealthcareBlogApplicationTests" time="1.827">
    <system-out><![CDATA[11:03:46.363 [main] INFO org.springframework.test.context.support.AnnotationConfigContextLoaderUtils -- Could not detect default configuration classes for test class [com.healthcaredelivery.healthcareblog.HealthcareBlogApplicationTests]: HealthcareBlogApplicationTests does not declare any static, non-private, non-final, nested classes annotated with @Configuration.
11:03:46.685 [main] INFO org.springframework.boot.test.context.SpringBootTestContextBootstrapper -- Found @SpringBootConfiguration com.healthcaredelivery.healthcareblog.HealthcareBlogApplication for test class com.healthcaredelivery.healthcareblog.HealthcareBlogApplicationTests

  .   ____          _            __ _ _
 /\\ / ___'_ __ _ _(_)_ __  __ _ \ \ \ \
( ( )\___ | '_ | '_| | '_ \/ _` | \ \ \ \
 \\/  ___)| |_)| | | | | || (_| |  ) ) ) )
  '  |____| .__|_| |_|_| |_\__, | / / / /
 =========|_|==============|___/=/_/_/_/
 :: Spring Boot ::                (v3.1.1)

2023-08-24T11:03:47.944+01:00  INFO 14024 --- [           main] c.h.h.HealthcareBlogApplicationTests     : Starting HealthcareBlogApplicationTests using Java 17.0.6 with PID 14024 (started by Systej in C:\Users\Systej\Documents\project\spring-boot\women-health)
2023-08-24T11:03:47.947+01:00  INFO 14024 --- [           main] c.h.h.HealthcareBlogApplicationTests     : No active profile set, falling back to 1 default profile: "default"
2023-08-24T11:03:49.909+01:00  INFO 14024 --- [           main] .s.d.r.c.RepositoryConfigurationDelegate : Bootstrapping Spring Data JPA repositories in DEFAULT mode.
2023-08-24T11:03:50.158+01:00  INFO 14024 --- [           main] .s.d.r.c.RepositoryConfigurationDelegate : Finished Spring Data repository scanning in 206 ms. Found 3 JPA repository interfaces.
2023-08-24T11:03:52.377+01:00  INFO 14024 --- [           main] o.hibernate.jpa.internal.util.LogHelper  : HHH000204: Processing PersistenceUnitInfo [name: default]
2023-08-24T11:03:52.617+01:00  INFO 14024 --- [           main] org.hibernate.Version                    : HHH000412: Hibernate ORM core version 6.2.5.Final
2023-08-24T11:03:52.626+01:00  INFO 14024 --- [           main] org.hibernate.cfg.Environment            : HHH000406: Using bytecode reflection optimizer
2023-08-24T11:03:53.197+01:00  INFO 14024 --- [           main] o.h.b.i.BytecodeProviderInitiator        : HHH000021: Bytecode provider name : bytebuddy
2023-08-24T11:03:53.727+01:00  INFO 14024 --- [           main] o.s.o.j.p.SpringPersistenceUnitInfo      : No LoadTimeWeaver setup: ignoring JPA class transformer
2023-08-24T11:03:53.806+01:00  INFO 14024 --- [           main] com.zaxxer.hikari.HikariDataSource       : HikariPool-1 - Starting...
2023-08-24T11:03:54.353+01:00  INFO 14024 --- [           main] com.zaxxer.hikari.pool.HikariPool        : HikariPool-1 - Added connection com.mysql.cj.jdbc.ConnectionImpl@6aad919c
2023-08-24T11:03:54.357+01:00  INFO 14024 --- [           main] com.zaxxer.hikari.HikariDataSource       : HikariPool-1 - Start completed.
2023-08-24T11:03:54.401+01:00  WARN 14024 --- [           main] org.hibernate.orm.deprecation            : HHH90000026: MySQL8Dialect has been deprecated; use org.hibernate.dialect.MySQLDialect instead
2023-08-24T11:03:55.030+01:00  INFO 14024 --- [           main] o.h.b.i.BytecodeProviderInitiator        : HHH000021: Bytecode provider name : bytebuddy
2023-08-24T11:03:56.658+01:00  INFO 14024 --- [           main] o.h.e.t.j.p.i.JtaPlatformInitiator       : HHH000490: Using JtaPlatform implementation: [org.hibernate.engine.transaction.jta.platform.internal.NoJtaPlatform]
2023-08-24T11:03:56.831+01:00 DEBUG 14024 --- [           main] org.hibernate.SQL                        : alter table blog modify column blog  mediumtext
Hibernate: alter table blog modify column blog  mediumtext
2023-08-24T11:03:56.957+01:00 DEBUG 14024 --- [           main] org.hibernate.SQL                        : alter table blog modify column created_at  datetime(6)
Hibernate: alter table blog modify column created_at  datetime(6)
2023-08-24T11:03:57.062+01:00  INFO 14024 --- [           main] j.LocalContainerEntityManagerFactoryBean : Initialized JPA EntityManagerFactory for persistence unit 'default'
2023-08-24T11:03:59.784+01:00  WARN 14024 --- [           main] JpaBaseConfiguration$JpaWebConfiguration : spring.jpa.open-in-view is enabled by default. Therefore, database queries may be performed during view rendering. Explicitly configure spring.jpa.open-in-view to disable this warning
2023-08-24T11:04:00.549+01:00  INFO 14024 --- [           main] o.s.b.a.w.s.WelcomePageHandlerMapping    : Adding welcome page: class path resource [static/index.html]
2023-08-24T11:04:01.236+01:00  INFO 14024 --- [           main] c.h.h.HealthcareBlogApplicationTests     : Started HealthcareBlogApplicationTests in 14.071 seconds (process running for 17.473)
]]></system-out>
  </testcase>
</testsuite>